# JRE version: OpenJDK Runtime Environment (8.0_152-b06) (build 1.8.0_152-release-1136-b06)
# Java VM: OpenJDK 64-Bit Server VM (25.152-b06 mixed mode windows-amd64 compressed oops)
Heap:
 PSYoungGen      total 177152K, used 30791K [0x00000000e0000000, 0x00000000ecf00000, 0x0000000100000000)
  eden space 155648K, 5% used [0x00000000e0000000,0x00000000e0914868,0x00000000e9800000)
  from space 21504K, 99% used [0x00000000ea500000,0x00000000eb9fd568,0x00000000eba00000)
  to   space 21504K, 0% used [0x00000000eba00000,0x00000000eba00000,0x00000000ecf00000)
 ParOldGen       total 243200K, used 55039K [0x00000000a0000000, 0x00000000aed80000, 0x00000000e0000000)
  object space 243200K, 22% used [0x00000000a0000000,0x00000000a35bff58,0x00000000aed80000)
 Metaspace       used 54902K, capacity 55864K, committed 56320K, reserved 1099776K
  class space    used 6575K, capacity 6829K, committed 6912K, reserved 1048576K
GC Heap History (10 events):
Event: 1.923 GC heap before
{Heap before GC invocations=4 (full 2):
 PSYoungGen      total 153088K, used 15268K [0x00000000e0000000, 0x00000000eaa80000, 0x0000000100000000)
  eden space 131584K, 0% used [0x00000000e0000000,0x00000000e0000000,0x00000000e8080000)
  from space 21504K, 71% used [0x00000000e9580000,0x00000000ea469000,0x00000000eaa80000)
  to   space 21504K, 0% used [0x00000000e8080000,0x00000000e8080000,0x00000000e9580000)
 ParOldGen       total 349696K, used 2745K [0x00000000a0000000, 0x00000000b5580000, 0x00000000e0000000)
  object space 349696K, 0% used [0x00000000a0000000,0x00000000a02ae668,0x00000000b5580000)
 Metaspace       used 20740K, capacity 21041K, committed 21296K, reserved 1069056K
  class space    used 2475K, capacity 2567K, committed 2688K, reserved 1048576K
Event: 1.944 GC heap after
Heap after GC invocations=4 (full 2):
 PSYoungGen      total 153088K, used 0K [0x00000000e0000000, 0x00000000eaa80000, 0x0000000100000000)
  eden space 131584K, 0% used [0x00000000e0000000,0x00000000e0000000,0x00000000e8080000)
  from space 21504K, 0% used [0x00000000e9580000,0x00000000e9580000,0x00000000eaa80000)
  to   space 21504K, 0% used [0x00000000e8080000,0x00000000e8080000,0x00000000e9580000)
 ParOldGen       total 243200K, used 15871K [0x00000000a0000000, 0x00000000aed80000, 0x00000000e0000000)
  object space 243200K, 6% used [0x00000000a0000000,0x00000000a0f7fdf0,0x00000000aed80000)
 Metaspace       used 20740K, capacity 21041K, committed 21296K, reserved 1069056K
  class space    used 2475K, capacity 2567K, committed 2688K, reserved 1048576K
}
Event: 2.960 GC heap before
{Heap before GC invocations=5 (full 2):
 PSYoungGen      total 153088K, used 92386K [0x00000000e0000000, 0x00000000eaa80000, 0x0000000100000000)
  eden space 131584K, 70% used [0x00000000e0000000,0x00000000e5a38a10,0x00000000e8080000)
  from space 21504K, 0% used [0x00000000e9580000,0x00000000e9580000,0x00000000eaa80000)
  to   space 21504K, 0% used [0x00000000e8080000,0x00000000e8080000,0x00000000e9580000)
 ParOldGen       total 243200K, used 15871K [0x00000000a0000000, 0x00000000aed80000, 0x00000000e0000000)
  object space 243200K, 6% used [0x00000000a0000000,0x00000000a0f7fdf0,0x00000000aed80000)
 Metaspace       used 34632K, capacity 35095K, committed 35496K, reserved 1081344K
  class space    used 4338K, capacity 4482K, committed 4608K, reserved 1048576K
Event: 2.971 GC heap after
Heap after GC invocations=5 (full 2):
 PSYoungGen      total 153088K, used 21483K [0x00000000e0000000, 0x00000000ecf00000, 0x0000000100000000)
  eden space 131584K, 0% used [0x00000000e0000000,0x00000000e0000000,0x00000000e8080000)
  from space 21504K, 99% used [0x00000000e8080000,0x00000000e957af38,0x00000000e9580000)
  to   space 21504K, 0% used [0x00000000eba00000,0x00000000eba00000,0x00000000ecf00000)
 ParOldGen       total 243200K, used 17204K [0x00000000a0000000, 0x00000000aed80000, 0x00000000e0000000)
  object space 243200K, 7% used [0x00000000a0000000,0x00000000a10cd0e8,0x00000000aed80000)
 Metaspace       used 34632K, capacity 35095K, committed 35496K, reserved 1081344K
  class space    used 4338K, capacity 4482K, committed 4608K, reserved 1048576K
}
Event: 2.971 GC heap before
{Heap before GC invocations=6 (full 3):
 PSYoungGen      total 153088K, used 21483K [0x00000000e0000000, 0x00000000ecf00000, 0x0000000100000000)
  eden space 131584K, 0% used [0x00000000e0000000,0x00000000e0000000,0x00000000e8080000)
  from space 21504K, 99% used [0x00000000e8080000,0x00000000e957af38,0x00000000e9580000)
  to   space 21504K, 0% used [0x00000000eba00000,0x00000000eba00000,0x00000000ecf00000)
 ParOldGen       total 243200K, used 17204K [0x00000000a0000000, 0x00000000aed80000, 0x00000000e0000000)
  object space 243200K, 7% used [0x00000000a0000000,0x00000000a10cd0e8,0x00000000aed80000)
 Metaspace       used 34632K, capacity 35095K, committed 35496K, reserved 1081344K
  class space    used 4338K, capacity 4482K, committed 4608K, reserved 1048576K
Event: 3.049 GC heap after
Heap after GC invocations=6 (full 3):
 PSYoungGen      total 153088K, used 0K [0x00000000e0000000, 0x00000000ecf00000, 0x0000000100000000)
  eden space 131584K, 0% used [0x00000000e0000000,0x00000000e0000000,0x00000000e8080000)
  from space 21504K, 0% used [0x00000000e8080000,0x00000000e8080000,0x00000000e9580000)
  to   space 21504K, 0% used [0x00000000eba00000,0x00000000eba00000,0x00000000ecf00000)
 ParOldGen       total 243200K, used 28125K [0x00000000a0000000, 0x00000000aed80000, 0x00000000e0000000)
  object space 243200K, 11% used [0x00000000a0000000,0x00000000a1b77640,0x00000000aed80000)
 Metaspace       used 34632K, capacity 35095K, committed 35496K, reserved 1081344K
  class space    used 4338K, capacity 4482K, committed 4608K, reserved 1048576K
}
Event: 4.496 GC heap before
{Heap before GC invocations=7 (full 3):
 PSYoungGen      total 153088K, used 131584K [0x00000000e0000000, 0x00000000ecf00000, 0x0000000100000000)
  eden space 131584K, 100% used [0x00000000e0000000,0x00000000e8080000,0x00000000e8080000)
  from space 21504K, 0% used [0x00000000e8080000,0x00000000e8080000,0x00000000e9580000)
  to   space 21504K, 0% used [0x00000000eba00000,0x00000000eba00000,0x00000000ecf00000)
 ParOldGen       total 243200K, used 28125K [0x00000000a0000000, 0x00000000aed80000, 0x00000000e0000000)
  object space 243200K, 11% used [0x00000000a0000000,0x00000000a1b77640,0x00000000aed80000)
 Metaspace       used 45603K, capacity 46300K, committed 46720K, reserved 1089536K
  class space    used 5695K, capacity 5913K, committed 6016K, reserved 1048576K
Event: 4.515 GC heap after
Heap after GC invocations=7 (full 3):
 PSYoungGen      total 177152K, used 21479K [0x00000000e0000000, 0x00000000ecf00000, 0x0000000100000000)
  eden space 155648K, 0% used [0x00000000e0000000,0x00000000e0000000,0x00000000e9800000)
  from space 21504K, 99% used [0x00000000eba00000,0x00000000ecef9fb0,0x00000000ecf00000)
  to   space 21504K, 0% used [0x00000000ea500000,0x00000000ea500000,0x00000000eba00000)
 ParOldGen       total 243200K, used 34944K [0x00000000a0000000, 0x00000000aed80000, 0x00000000e0000000)
  object space 243200K, 14% used [0x00000000a0000000,0x00000000a22201e0,0x00000000aed80000)
 Metaspace       used 45603K, capacity 46300K, committed 46720K, reserved 1089536K
  class space    used 5695K, capacity 5913K, committed 6016K, reserved 1048576K
}
Event: 6.280 GC heap before
{Heap before GC invocations=8 (full 3):
 PSYoungGen      total 177152K, used 177127K [0x00000000e0000000, 0x00000000ecf00000, 0x0000000100000000)
  eden space 155648K, 100% used [0x00000000e0000000,0x00000000e9800000,0x00000000e9800000)
  from space 21504K, 99% used [0x00000000eba00000,0x00000000ecef9fb0,0x00000000ecf00000)
  to   space 21504K, 0% used [0x00000000ea500000,0x00000000ea500000,0x00000000eba00000)
 ParOldGen       total 243200K, used 34944K [0x00000000a0000000, 0x00000000aed80000, 0x00000000e0000000)
  object space 243200K, 14% used [0x00000000a0000000,0x00000000a22201e0,0x00000000aed80000)
 Metaspace       used 54813K, capacity 55776K, committed 56064K, reserved 1097728K
  class space    used 6563K, capacity 6825K, committed 6912K, reserved 1048576K
Event: 6.301 GC heap after
Heap after GC invocations=8 (full 3):
 PSYoungGen      total 177152K, used 21493K [0x00000000e0000000, 0x00000000ecf00000, 0x0000000100000000)
  eden space 155648K, 0% used [0x00000000e0000000,0x00000000e0000000,0x00000000e9800000)
  from space 21504K, 99% used [0x00000000ea500000,0x00000000eb9fd568,0x00000000eba00000)
  to   space 21504K, 0% used [0x00000000eba00000,0x00000000eba00000,0x00000000ecf00000)
 ParOldGen       total 243200K, used 55039K [0x00000000a0000000, 0x00000000aed80000, 0x00000000e0000000)
  object space 243200K, 22% used [0x00000000a0000000,0x00000000a35bff58,0x00000000aed80000)
 Metaspace       used 54813K, capacity 55776K, committed 56064K, reserved 1097728K
  class space    used 6563K, capacity 6825K, committed 6912K, reserved 1048576K
}

